<?xml version="1.0" encoding="UTF-8"?>
<testsuites name="jest tests" tests="12" failures="0" errors="0" time="2.608">
  <testsuite name="undefined" errors="0" failures="0" skipped="0" timestamp="2021-01-24T02:01:34" time="1.904" tests="1">
    <testcase classname=" Initialized data source" name=" Initialized data source" time="0.002">
    </testcase>
  </testsuite>
  <testsuite name="undefined" errors="0" failures="0" skipped="0" timestamp="2021-01-24T02:01:34" time="1.926" tests="4">
    <testcase classname=" Create new city" name=" Create new city" time="0.003">
    </testcase>
    <testcase classname=" Find city by name" name=" Find city by name" time="0.001">
    </testcase>
    <testcase classname=" Find city by name (Not finding)" name=" Find city by name (Not finding)" time="0.003">
    </testcase>
    <testcase classname=" Find many users from a given city" name=" Find many users from a given city" time="0.003">
    </testcase>
  </testsuite>
  <testsuite name="undefined" errors="0" failures="0" skipped="0" timestamp="2021-01-24T02:01:34" time="1.957" tests="3">
    <testcase classname=" Node cache save cache value" name=" Node cache save cache value" time="0.003">
    </testcase>
    <testcase classname=" Node cache retrieve value from cache" name=" Node cache retrieve value from cache" time="0.001">
    </testcase>
    <testcase classname=" Node cache remove value from cache" name=" Node cache remove value from cache" time="0.001">
    </testcase>
  </testsuite>
  <testsuite name="undefined" errors="0" failures="0" skipped="0" timestamp="2021-01-24T02:01:34" time="2.038" tests="4">
    <testcase classname=" Create new customer" name=" Create new customer" time="0.003">
    </testcase>
    <testcase classname=" Find customer by ID" name=" Find customer by ID" time="0.001">
    </testcase>
    <testcase classname=" Find customer by ID (Not finding)" name=" Find customer by ID (Not finding)" time="0.003">
    </testcase>
    <testcase classname=" Find many users from a given city" name=" Find many users from a given city" time="0.001">
    </testcase>
  </testsuite>
</testsuites>